Copyright 1986-2018 Xilinx, Inc. All Rights Reserved.
-------------------------------------------------------------------------------------------------------------------------------------------------
| Tool Version     : Vivado v.2018.2 (lin64) Build 2258646 Thu Jun 14 20:02:38 MDT 2018
| Date             : Wed Nov  7 09:30:10 2018
| Host             : xsjapps53 running 64-bit Ubuntu 16.04.3 LTS
| Command          : report_power -file top_level_power_routed.rpt -pb top_level_power_summary_routed.pb -rpx top_level_power_routed.rpx
| Design           : top_level
| Device           : xczu9eg-ffvb1156-2-e
| Design State     : routed
| Grade            : extended
| Process          : typical
| Characterization : Production
-------------------------------------------------------------------------------------------------------------------------------------------------

Power Report

Table of Contents
-----------------
1. Summary
1.1 On-Chip Components
1.2 Power Supply Summary
1.3 Confidence Level
2. Settings
2.1 Environment
2.2 Clock Constraints
3. Detailed Reports
3.1 By Hierarchy

1. Summary
----------

+--------------------------+--------------+
| Total On-Chip Power (W)  | 3.514        |
| Design Power Budget (W)  | Unspecified* |
| Power Budget Margin (W)  | NA           |
| Dynamic (W)              | 2.792        |
| Device Static (W)        | 0.722        |
| Effective TJA (C/W)      | 1.0          |
| Max Ambient (C)          | 96.6         |
| Junction Temperature (C) | 28.4         |
| Confidence Level         | Medium       |
| Setting File             | ---          |
| Simulation Activity File | ---          |
| Design Nets Matched      | NA           |
+--------------------------+--------------+
* Specify Design Power Budget using, set_operating_conditions -design_power_budget <value in Watts>


1.1 On-Chip Components
----------------------

+--------------------------+-----------+----------+-----------+-----------------+
| On-Chip                  | Power (W) | Used     | Available | Utilization (%) |
+--------------------------+-----------+----------+-----------+-----------------+
| Clocks                   |     0.010 |        3 |       --- |             --- |
| CLB Logic                |     0.005 |     6958 |       --- |             --- |
|   LUT as Logic           |     0.004 |     2557 |    274080 |            0.93 |
|   LUT as Shift Register  |    <0.001 |       91 |    144000 |            0.06 |
|   Register               |    <0.001 |     3361 |    548160 |            0.61 |
|   LUT as Distributed RAM |    <0.001 |      112 |    144000 |            0.08 |
|   CARRY8                 |    <0.001 |       16 |     34260 |            0.05 |
|   Others                 |     0.000 |      186 |       --- |             --- |
|   F7/F8 Muxes            |     0.000 |        6 |    274080 |           <0.01 |
| Signals                  |     0.005 |     5790 |       --- |             --- |
| PS8                      |     2.772 |        1 |       --- |             --- |
| Static Power             |     0.722 |          |           |                 |
|   PS Static              |     0.099 |          |           |                 |
|   PL Static              |     0.623 |          |           |                 |
| Total                    |     3.514 |          |           |                 |
+--------------------------+-----------+----------+-----------+-----------------+


1.2 Power Supply Summary
------------------------

+-----------------+-------------+-----------+-------------+------------+
| Source          | Voltage (V) | Total (A) | Dynamic (A) | Static (A) |
+-----------------+-------------+-----------+-------------+------------+
| Vccint          |       0.850 |     0.223 |       0.024 |      0.199 |
| Vccint_io       |       0.850 |     0.036 |       0.000 |      0.036 |
| Vccbram         |       0.850 |     0.003 |       0.000 |      0.003 |
| Vccaux          |       1.800 |     0.193 |       0.000 |      0.193 |
| Vccaux_io       |       1.800 |     0.033 |       0.000 |      0.033 |
| Vcco33          |       3.300 |     0.000 |       0.000 |      0.000 |
| Vcco25          |       2.500 |     0.000 |       0.000 |      0.000 |
| Vcco18          |       1.800 |     0.000 |       0.000 |      0.000 |
| Vcco15          |       1.500 |     0.000 |       0.000 |      0.000 |
| Vcco135         |       1.350 |     0.000 |       0.000 |      0.000 |
| Vcco12          |       1.200 |     0.000 |       0.000 |      0.000 |
| Vcco10          |       1.000 |     0.000 |       0.000 |      0.000 |
| Vccadc          |       1.800 |     0.008 |       0.000 |      0.008 |
| VCC_PSINTFP     |       0.850 |     1.110 |       1.075 |      0.035 |
| VCC_PSINTLP     |       0.850 |     0.275 |       0.268 |      0.007 |
| VPS_MGTRAVCC    |       0.850 |     0.190 |       0.189 |      0.001 |
| VCC_PSINTFP_DDR |       0.850 |     0.701 |       0.696 |      0.004 |
| VCC_PSPLL       |       1.200 |     0.073 |       0.071 |      0.002 |
| VPS_MGTRAVTT    |       1.800 |     0.034 |       0.033 |      0.001 |
| VCCO_PSDDR_504  |       1.200 |     0.626 |       0.592 |      0.034 |
| VCC_PSAUX       |       1.800 |     0.002 |       0.000 |      0.002 |
| VCC_PSBATT      |       1.200 |     0.000 |       0.000 |      0.000 |
| VCC_PSDDR_PLL   |       1.800 |     0.012 |       0.011 |      0.001 |
| VCCO_PSIO0_500  |       1.800 |     0.001 |       0.001 |      0.001 |
| VCCO_PSIO1_501  |       1.800 |     0.001 |       0.000 |      0.001 |
| VCCO_PSIO2_502  |       1.800 |     0.001 |       0.000 |      0.001 |
| VCCO_PSIO3_503  |       3.300 |     0.001 |       0.000 |      0.001 |
| VCC_PSADC       |       1.800 |     0.002 |       0.000 |      0.002 |
| MGTAVcc         |       0.900 |     0.000 |       0.000 |      0.000 |
| MGTAVtt         |       1.200 |     0.000 |       0.000 |      0.000 |
| MGTVccaux       |       1.800 |     0.000 |       0.000 |      0.000 |
+-----------------+-------------+-----------+-------------+------------+


1.3 Confidence Level
--------------------

+-----------------------------+------------+------------------------------------------------+------------------------------------------------------------------------------------------------------------+
| User Input Data             | Confidence | Details                                        | Action                                                                                                     |
+-----------------------------+------------+------------------------------------------------+------------------------------------------------------------------------------------------------------------+
| Design implementation state | High       | Design is routed                               |                                                                                                            |
| Clock nodes activity        | High       | User specified more than 95% of clocks         |                                                                                                            |
| I/O nodes activity          | High       | User specified more than 95% of inputs         |                                                                                                            |
| Internal nodes activity     | Medium     | User specified less than 25% of internal nodes | Provide missing internal nodes activity with simulation results or by editing the "By Resource Type" views |
| Device models               | High       | Device models are Production                   |                                                                                                            |
|                             |            |                                                |                                                                                                            |
| Overall confidence level    | Medium     |                                                |                                                                                                            |
+-----------------------------+------------+------------------------------------------------+------------------------------------------------------------------------------------------------------------+


2. Settings
-----------

2.1 Environment
---------------

+-----------------------+--------------------------+
| Ambient Temp (C)      | 25.0                     |
| ThetaJA (C/W)         | 1.0                      |
| Airflow (LFM)         | 250                      |
| Heat Sink             | medium (Medium Profile)  |
| ThetaSA (C/W)         | 1.5                      |
| Board Selection       | medium (10"x10")         |
| # of Board Layers     | 12to15 (12 to 15 Layers) |
| Board Temperature (C) | 25.0                     |
+-----------------------+--------------------------+


2.2 Clock Constraints
---------------------

+----------+--------------------------------------------------------+-----------------+
| Clock    | Domain                                                 | Constraint (ns) |
+----------+--------------------------------------------------------+-----------------+
| clk_pl_0 | design_1_i/zynq_ultra_ps_e_0/inst/pl_clk_unbuffered[0] |            10.0 |
+----------+--------------------------------------------------------+-----------------+


3. Detailed Reports
-------------------

3.1 By Hierarchy
----------------

+-----------------------------------------------------------------------------------+-----------+
| Name                                                                              | Power (W) |
+-----------------------------------------------------------------------------------+-----------+
| top_level                                                                         |     2.792 |
|   design_1_i                                                                      |     2.791 |
|     axi_gpio_0                                                                    |    <0.001 |
|       U0                                                                          |    <0.001 |
|         AXI_LITE_IPIF_I                                                           |    <0.001 |
|           I_SLAVE_ATTACHMENT                                                      |    <0.001 |
|             I_DECODER                                                             |    <0.001 |
|               MEM_DECODE_GEN[0].PER_CE_GEN[0].MULTIPLE_CES_THIS_CS_GEN.CE_I       |    <0.001 |
|               MEM_DECODE_GEN[0].PER_CE_GEN[2].MULTIPLE_CES_THIS_CS_GEN.CE_I       |    <0.001 |
|         gpio_core_1                                                               |    <0.001 |
|           Not_Dual.INPUT_DOUBLE_REGS3                                             |    <0.001 |
|     proc_sys_reset_0                                                              |    <0.001 |
|       U0                                                                          |    <0.001 |
|         EXT_LPF                                                                   |    <0.001 |
|           ACTIVE_LOW_AUX.ACT_LO_AUX                                               |    <0.001 |
|           ACTIVE_LOW_EXT.ACT_LO_EXT                                               |    <0.001 |
|         SEQ                                                                       |    <0.001 |
|           SEQ_COUNTER                                                             |    <0.001 |
|     ps8_0_axi_periph                                                              |     0.017 |
|       s00_couplers                                                                |     0.008 |
|         auto_ds                                                                   |     0.005 |
|           inst                                                                    |     0.005 |
|             gen_downsizer.gen_simple_downsizer.axi_downsizer_inst                 |     0.005 |
|               USE_READ.read_addr_inst                                             |     0.002 |
|                 cmd_queue                                                         |     0.001 |
|                   inst                                                            |     0.001 |
|                     fifo_gen_inst                                                 |    <0.001 |
|                       inst_fifo_gen                                               |    <0.001 |
|                         gconvfifo.rf                                              |    <0.001 |
|                           grf.rf                                                  |    <0.001 |
|                             gntv_or_sync_fifo.gl0.rd                              |    <0.001 |
|                               gr1.gr1_int.rfwft                                   |    <0.001 |
|                               grss.rsts                                           |    <0.001 |
|                               rpntr                                               |    <0.001 |
|                             gntv_or_sync_fifo.gl0.wr                              |    <0.001 |
|                               gwss.wsts                                           |    <0.001 |
|                               wpntr                                               |    <0.001 |
|                             gntv_or_sync_fifo.mem                                 |    <0.001 |
|                               gdm.dm_gen.dm                                       |    <0.001 |
|                                 RAM_reg_0_31_0_5                                  |    <0.001 |
|                                 RAM_reg_0_31_12_17                                |    <0.001 |
|                                 RAM_reg_0_31_6_11                                 |    <0.001 |
|                             rstblk                                                |    <0.001 |
|                               ngwrdrst.grst.g7serrst.gnsckt_wrst.rst_wr_reg2_inst |    <0.001 |
|               USE_READ.read_data_inst                                             |    <0.001 |
|               USE_WRITE.USE_SPLIT.write_resp_inst                                 |    <0.001 |
|               USE_WRITE.write_addr_inst                                           |     0.002 |
|                 USE_B_CHANNEL.cmd_b_queue                                         |    <0.001 |
|                   inst                                                            |    <0.001 |
|                     fifo_gen_inst                                                 |    <0.001 |
|                       inst_fifo_gen                                               |    <0.001 |
|                         gconvfifo.rf                                              |    <0.001 |
|                           grf.rf                                                  |    <0.001 |
|                             gntv_or_sync_fifo.gl0.rd                              |    <0.001 |
|                               gr1.gr1_int.rfwft                                   |    <0.001 |
|                               grss.rsts                                           |    <0.001 |
|                               rpntr                                               |    <0.001 |
|                             gntv_or_sync_fifo.gl0.wr                              |    <0.001 |
|                               gwss.wsts                                           |    <0.001 |
|                               wpntr                                               |    <0.001 |
|                             gntv_or_sync_fifo.mem                                 |    <0.001 |
|                               gdm.dm_gen.dm                                       |    <0.001 |
|                                 RAM_reg_0_31_0_5                                  |    <0.001 |
|                             rstblk                                                |    <0.001 |
|                               ngwrdrst.grst.g7serrst.gnsckt_wrst.rst_wr_reg2_inst |    <0.001 |
|                 cmd_queue                                                         |    <0.001 |
|                   inst                                                            |    <0.001 |
|                     fifo_gen_inst                                                 |    <0.001 |
|                       inst_fifo_gen                                               |    <0.001 |
|                         gconvfifo.rf                                              |    <0.001 |
|                           grf.rf                                                  |    <0.001 |
|                             gntv_or_sync_fifo.gl0.rd                              |    <0.001 |
|                               gr1.gr1_int.rfwft                                   |    <0.001 |
|                               grss.rsts                                           |    <0.001 |
|                               rpntr                                               |    <0.001 |
|                             gntv_or_sync_fifo.gl0.wr                              |    <0.001 |
|                               gwss.wsts                                           |    <0.001 |
|                               wpntr                                               |    <0.001 |
|                             gntv_or_sync_fifo.mem                                 |    <0.001 |
|                               gdm.dm_gen.dm                                       |    <0.001 |
|                                 RAM_reg_0_31_0_5                                  |    <0.001 |
|                                 RAM_reg_0_31_12_17                                |    <0.001 |
|                                 RAM_reg_0_31_6_11                                 |    <0.001 |
|                             rstblk                                                |    <0.001 |
|                               ngwrdrst.grst.g7serrst.gnsckt_wrst.rst_wr_reg2_inst |    <0.001 |
|               USE_WRITE.write_data_inst                                           |    <0.001 |
|         auto_pc                                                                   |     0.003 |
|           inst                                                                    |     0.003 |
|             gen_axilite.gen_b2s_conv.axilite_b2s                                  |     0.003 |
|               RD.ar_channel_0                                                     |    <0.001 |
|                 ar_cmd_fsm_0                                                      |    <0.001 |
|                 cmd_translator_0                                                  |    <0.001 |
|                   incr_cmd_0                                                      |    <0.001 |
|                   wrap_cmd_0                                                      |    <0.001 |
|               RD.r_channel_0                                                      |    <0.001 |
|                 rd_data_fifo_0                                                    |    <0.001 |
|                 transaction_fifo_0                                                |    <0.001 |
|               SI_REG                                                              |     0.001 |
|                 ar.ar_pipe                                                        |    <0.001 |
|                 aw.aw_pipe                                                        |    <0.001 |
|                 b.b_pipe                                                          |    <0.001 |
|                 r.r_pipe                                                          |    <0.001 |
|               WR.aw_channel_0                                                     |    <0.001 |
|                 aw_cmd_fsm_0                                                      |    <0.001 |
|                 cmd_translator_0                                                  |    <0.001 |
|                   incr_cmd_0                                                      |    <0.001 |
|                   wrap_cmd_0                                                      |    <0.001 |
|               WR.b_channel_0                                                      |    <0.001 |
|                 bid_fifo_0                                                        |    <0.001 |
|                 bresp_fifo_0                                                      |    <0.001 |
|       s01_couplers                                                                |     0.008 |
|         auto_ds                                                                   |     0.005 |
|           inst                                                                    |     0.005 |
|             gen_downsizer.gen_simple_downsizer.axi_downsizer_inst                 |     0.005 |
|               USE_READ.read_addr_inst                                             |     0.002 |
|                 cmd_queue                                                         |     0.001 |
|                   inst                                                            |     0.001 |
|                     fifo_gen_inst                                                 |    <0.001 |
|                       inst_fifo_gen                                               |    <0.001 |
|                         gconvfifo.rf                                              |    <0.001 |
|                           grf.rf                                                  |    <0.001 |
|                             gntv_or_sync_fifo.gl0.rd                              |    <0.001 |
|                               gr1.gr1_int.rfwft                                   |    <0.001 |
|                               grss.rsts                                           |    <0.001 |
|                               rpntr                                               |    <0.001 |
|                             gntv_or_sync_fifo.gl0.wr                              |    <0.001 |
|                               gwss.wsts                                           |    <0.001 |
|                               wpntr                                               |    <0.001 |
|                             gntv_or_sync_fifo.mem                                 |    <0.001 |
|                               gdm.dm_gen.dm                                       |    <0.001 |
|                                 RAM_reg_0_31_0_5                                  |    <0.001 |
|                                 RAM_reg_0_31_12_17                                |    <0.001 |
|                                 RAM_reg_0_31_6_11                                 |    <0.001 |
|                             rstblk                                                |    <0.001 |
|                               ngwrdrst.grst.g7serrst.gnsckt_wrst.rst_wr_reg2_inst |    <0.001 |
|               USE_READ.read_data_inst                                             |    <0.001 |
|               USE_WRITE.USE_SPLIT.write_resp_inst                                 |    <0.001 |
|               USE_WRITE.write_addr_inst                                           |     0.002 |
|                 USE_B_CHANNEL.cmd_b_queue                                         |    <0.001 |
|                   inst                                                            |    <0.001 |
|                     fifo_gen_inst                                                 |    <0.001 |
|                       inst_fifo_gen                                               |    <0.001 |
|                         gconvfifo.rf                                              |    <0.001 |
|                           grf.rf                                                  |    <0.001 |
|                             gntv_or_sync_fifo.gl0.rd                              |    <0.001 |
|                               gr1.gr1_int.rfwft                                   |    <0.001 |
|                               grss.rsts                                           |    <0.001 |
|                               rpntr                                               |    <0.001 |
|                             gntv_or_sync_fifo.gl0.wr                              |    <0.001 |
|                               gwss.wsts                                           |    <0.001 |
|                               wpntr                                               |    <0.001 |
|                             gntv_or_sync_fifo.mem                                 |    <0.001 |
|                               gdm.dm_gen.dm                                       |    <0.001 |
|                                 RAM_reg_0_31_0_5                                  |    <0.001 |
|                             rstblk                                                |    <0.001 |
|                               ngwrdrst.grst.g7serrst.gnsckt_wrst.rst_wr_reg2_inst |    <0.001 |
|                 cmd_queue                                                         |    <0.001 |
|                   inst                                                            |    <0.001 |
|                     fifo_gen_inst                                                 |    <0.001 |
|                       inst_fifo_gen                                               |    <0.001 |
|                         gconvfifo.rf                                              |    <0.001 |
|                           grf.rf                                                  |    <0.001 |
|                             gntv_or_sync_fifo.gl0.rd                              |    <0.001 |
|                               gr1.gr1_int.rfwft                                   |    <0.001 |
|                               grss.rsts                                           |    <0.001 |
|                               rpntr                                               |    <0.001 |
|                             gntv_or_sync_fifo.gl0.wr                              |    <0.001 |
|                               gwss.wsts                                           |    <0.001 |
|                               wpntr                                               |    <0.001 |
|                             gntv_or_sync_fifo.mem                                 |    <0.001 |
|                               gdm.dm_gen.dm                                       |    <0.001 |
|                                 RAM_reg_0_31_0_5                                  |    <0.001 |
|                                 RAM_reg_0_31_12_17                                |    <0.001 |
|                                 RAM_reg_0_31_6_11                                 |    <0.001 |
|                             rstblk                                                |    <0.001 |
|                               ngwrdrst.grst.g7serrst.gnsckt_wrst.rst_wr_reg2_inst |    <0.001 |
|               USE_WRITE.write_data_inst                                           |    <0.001 |
|         auto_pc                                                                   |     0.003 |
|           inst                                                                    |     0.003 |
|             gen_axilite.gen_b2s_conv.axilite_b2s                                  |     0.003 |
|               RD.ar_channel_0                                                     |    <0.001 |
|                 ar_cmd_fsm_0                                                      |    <0.001 |
|                 cmd_translator_0                                                  |    <0.001 |
|                   incr_cmd_0                                                      |    <0.001 |
|                   wrap_cmd_0                                                      |    <0.001 |
|               RD.r_channel_0                                                      |    <0.001 |
|                 rd_data_fifo_0                                                    |    <0.001 |
|                 transaction_fifo_0                                                |    <0.001 |
|               SI_REG                                                              |     0.001 |
|                 ar.ar_pipe                                                        |    <0.001 |
|                 aw.aw_pipe                                                        |    <0.001 |
|                 b.b_pipe                                                          |    <0.001 |
|                 r.r_pipe                                                          |    <0.001 |
|               WR.aw_channel_0                                                     |    <0.001 |
|                 aw_cmd_fsm_0                                                      |    <0.001 |
|                 cmd_translator_0                                                  |    <0.001 |
|                   incr_cmd_0                                                      |    <0.001 |
|                   wrap_cmd_0                                                      |    <0.001 |
|               WR.b_channel_0                                                      |    <0.001 |
|                 bid_fifo_0                                                        |    <0.001 |
|                 bresp_fifo_0                                                      |    <0.001 |
|       xbar                                                                        |     0.001 |
|         inst                                                                      |     0.001 |
|           gen_sasd.crossbar_sasd_0                                                |     0.001 |
|             addr_arbiter_inst                                                     |     0.001 |
|             gen_decerr.decerr_slave_inst                                          |    <0.001 |
|             reg_slice_r                                                           |    <0.001 |
|             splitter_ar                                                           |    <0.001 |
|             splitter_aw                                                           |    <0.001 |
|     zynq_ultra_ps_e_0                                                             |     2.773 |
|       inst                                                                        |     2.773 |
|   stimulate_gpio                                                                  |    <0.001 |
|     U0                                                                            |    <0.001 |
|       AXI_LITE_IPIF_I                                                             |    <0.001 |
|         I_SLAVE_ATTACHMENT                                                        |    <0.001 |
|           I_DECODER                                                               |    <0.001 |
|             MEM_DECODE_GEN[0].PER_CE_GEN[0].MULTIPLE_CES_THIS_CS_GEN.CE_I         |    <0.001 |
|             MEM_DECODE_GEN[0].PER_CE_GEN[2].MULTIPLE_CES_THIS_CS_GEN.CE_I         |    <0.001 |
|       gpio_core_1                                                                 |    <0.001 |
+-----------------------------------------------------------------------------------+-----------+


